<?xml version="1.0" encoding="UTF-8"?>
<testsuite name="BagMainTest" tests="3" skipped="0" failures="0" errors="0" timestamp="2022-09-20T22:07:32" hostname="CJs-MacBook-Pro.local" time="0.023">
  <properties/>
  <testcase name="TestEnhanceBagsTrue" classname="BagMainTest" time="0.013"/>
  <testcase name="TestCountCrossbodyStraps" classname="BagMainTest" time="0.004"/>
  <testcase name="TestEnhanceBagsFalse" classname="BagMainTest" time="0.004"/>
  <system-out><![CDATA[]]></system-out>
  <system-err><![CDATA[]]></system-err>
</testsuite>
